<?xml version="1.0" encoding="UTF-8"?>
<testng-results skipped="0" failed="0" ignored="0" total="1" passed="1">
  <reporter-output>
  </reporter-output>
  <suite name="Default suite" duration-ms="5098" started-at="2019-12-10T23:12:57Z" finished-at="2019-12-10T23:13:03Z">
    <groups>
    </groups>
    <test name="Default test" duration-ms="5098" started-at="2019-12-10T23:12:57Z" finished-at="2019-12-10T23:13:03Z">
      <class name="loginTestcases.TC001_verify_validlogin">
        <test-method status="PASS" signature="initializeThis()[pri:0, instance:loginTestcases.TC001_verify_validlogin@28d25987]" name="initializeThis" is-config="true" duration-ms="3328" started-at="2019-12-10T23:12:57Z" finished-at="2019-12-10T23:13:01Z">
          <reporter-output>
          </reporter-output>
        </test-method> <!-- initializeThis -->
        <test-method status="PASS" signature="validLogin()[pri:0, instance:loginTestcases.TC001_verify_validlogin@28d25987]" name="validLogin" duration-ms="1752" started-at="2019-12-10T23:13:01Z" finished-at="2019-12-10T23:13:03Z">
          <reporter-output>
          </reporter-output>
        </test-method> <!-- validLogin -->
        <test-method status="PASS" signature="endThis()[pri:0, instance:loginTestcases.TC001_verify_validlogin@28d25987]" name="endThis" is-config="true" duration-ms="0" started-at="2019-12-10T23:13:03Z" finished-at="2019-12-10T23:13:03Z">
          <reporter-output>
          </reporter-output>
        </test-method> <!-- endThis -->
      </class> <!-- loginTestcases.TC001_verify_validlogin -->
    </test> <!-- Default test -->
  </suite> <!-- Default suite -->
</testng-results>
